<?xml version="1.0" encoding="UTF-8"?>
<!-- Generated by org.testng.reporters.JUnitReportReporter -->
<testsuite skipped="0" hostname="priya" name="Runner.RunTest" tests="1" failures="0" timestamp="14 Mar 2020 16:48:25 GMT" time="114.367" errors="0">
  <testcase name="runScenario" time="114.367" classname="Runner.RunTest"/>
</testsuite> <!-- Runner.RunTest -->
