<?xml version="1.0" encoding="UTF-8"?>
<!-- Generated by org.testng.reporters.JUnitReportReporter -->
<testsuite skipped="0" hostname="priya" name="testcases.TC_RedBus" tests="1" failures="0" timestamp="14 Mar 2020 12:10:00 GMT" time="50.470" errors="0">
  <testcase name="searchBus" time="50.470" classname="testcases.TC_RedBus"/>
</testsuite> <!-- testcases.TC_RedBus -->
